<?xml version="1.0" encoding="UTF-8"?>
<!-- Generated by org.testng.reporters.JUnitReportReporter -->
<testsuite hostname="DESKTOP-QT9BPKR" failures="0" tests="3" name="testng_annotation.Annotation2" time="20.541" errors="0" timestamp="2023-09-03T21:08:54 IST" skipped="0">
  <testcase classname="testng_annotation.Annotation2" name="geturl" time="6.867"/>
  <system-out/>
  <testcase classname="testng_annotation.Annotation2" name="geturl" time="6.553"/>
  <system-out/>
  <testcase classname="testng_annotation.Annotation2" name="getamazonurl" time="7.121"/>
  <system-out/>
</testsuite> <!-- testng_annotation.Annotation2 -->
