<?xml version="1.0" encoding="UTF-8"?>
<!-- Generated by org.testng.reporters.JUnitReportReporter -->
<testsuite hostname="DESKTOP-QT9BPKR" failures="0" tests="1" name="TestNg.Testng_Assertion" time="84.268" errors="0" timestamp="2023-09-02T10:27:51 IST" skipped="0">
  <testcase classname="TestNg.Testng_Assertion" name="assertion" time="84.268"/>
  <system-out/>
</testsuite> <!-- TestNg.Testng_Assertion -->
