<?xml version="1.0" encoding="UTF-8"?>
<!-- Generated by org.testng.reporters.JUnitReportReporter -->
<testsuite hostname="DESKTOP-QT9BPKR" failures="0" tests="1" name="testng_fail.Amazon" time="7.359" errors="0" timestamp="2023-09-02T10:46:22 IST" skipped="0">
  <testcase classname="testng_fail.Amazon" name="amazon1" time="7.359"/>
  <system-out/>
</testsuite> <!-- testng_fail.Amazon -->
