<?xml version="1.0" encoding="UTF-8"?>
<!-- Generated by org.testng.reporters.JUnitReportReporter -->
<testsuite hostname="DESKTOP-QT9BPKR" failures="0" tests="2" name="testng_annotation.Annotations" time="19.054" errors="0" timestamp="2023-09-03T20:49:29 IST" skipped="0">
  <testcase classname="testng_annotation.Annotations" name="amazonbrowser" time="11.827"/>
  <system-out/>
  <testcase classname="testng_annotation.Annotations" name="fbBrowser" time="7.227"/>
  <system-out/>
</testsuite> <!-- testng_annotation.Annotations -->
