<?xml version="1.0" encoding="UTF-8"?>
<!-- Generated by org.testng.reporters.JUnitReportReporter -->
<testsuite hostname="DESKTOP-QT9BPKR" failures="0" tests="1" name="TestNg_Sequential.Amazon_Testng" time="7.370" errors="0" timestamp="2023-08-31T11:39:17 IST" skipped="0">
  <testcase classname="TestNg_Sequential.Amazon_Testng" name="amazon" time="7.370"/>
  <system-out/>
</testsuite> <!-- TestNg_Sequential.Amazon_Testng -->
