<?xml version="1.0" encoding="UTF-8"?>
<!-- Generated by org.testng.reporters.JUnitReportReporter -->
<testsuite hostname="DESKTOP-QT9BPKR" failures="0" tests="1" name="testng_fail.Facebook" time="11.003" errors="0" timestamp="2023-09-02T10:51:59 IST" skipped="0">
  <testcase classname="testng_fail.Facebook" name="facebook1" time="11.003"/>
  <system-out/>
</testsuite> <!-- testng_fail.Facebook -->
