<?xml version="1.0" encoding="UTF-8"?>
<!-- Generated by org.testng.reporters.JUnitReportReporter -->
<testsuite hostname="DESKTOP-QT9BPKR" failures="0" tests="3" name="TestNg.Dataprovider" time="23.251" errors="0" timestamp="2023-09-02T11:22:17 IST" skipped="0">
  <testcase classname="TestNg.Dataprovider" name="demo" time="6.729"/>
  <system-out/>
  <testcase classname="TestNg.Dataprovider" name="demo" time="7.043"/>
  <system-out/>
  <testcase classname="TestNg.Dataprovider" name="demo" time="9.479"/>
  <system-out/>
</testsuite> <!-- TestNg.Dataprovider -->
