<?xml version="1.0" encoding="UTF-8"?>
<!-- Generated by org.testng.reporters.JUnitReportReporter -->
<testsuite hostname="DESKTOP-QT9BPKR" failures="0" tests="1" name="testng_distribution.Facebook_Testng" time="47.518" errors="0" timestamp="2023-09-01T10:51:38 IST" skipped="0">
  <testcase classname="testng_distribution.Facebook_Testng" name="facebook" time="47.518"/>
  <system-out/>
</testsuite> <!-- testng_distribution.Facebook_Testng -->
