<?xml version="1.0" encoding="UTF-8"?>
<!-- Generated by org.testng.reporters.JUnitReportReporter -->
<testsuite hostname="DESKTOP-QT9BPKR" failures="0" tests="1" name="testng_group.Sample2" time="0.026" errors="0" timestamp="2023-09-01T10:24:34 IST" skipped="0">
  <testcase classname="testng_group.Sample2" name="demo3" time="0.026"/>
  <system-out/>
</testsuite> <!-- testng_group.Sample2 -->
